==5337== Memcheck, a memory error detector
==5337== Copyright (C) 2002-2012, and GNU GPL'd, by Julian Seward et al.
==5337== Using Valgrind-3.8.1 and LibVEX; rerun with -h for copyright info
==5337== Command: ./a.out
==5337== Parent PID: 5329
==5337== 
--5337-- 
--5337-- Valgrind options:
--5337--    --tool=memcheck
--5337--    --leak-check=full
--5337--    --verbose
--5337--    --log-file=memcheck.log
--5337--    --track-origins=yes
--5337-- Contents of /proc/version:
--5337--   Linux version 2.6.32-431.11.2.el6.x86_64 (mockbuild@x86-027.build.eng.bos.redhat.com) (gcc version 4.4.7 20120313 (Red Hat 4.4.7-4) (GCC) ) #1 SMP Mon Mar 3 13:32:45 EST 2014
--5337-- Arch and hwcaps: AMD64, amd64-sse3-cx16-lzcnt
--5337-- Page sizes: currently 4096, max supported 4096
--5337-- Valgrind library directory: /usr/lib64/valgrind
--5337-- Reading syms from /home/cheng109/ece/Summer2014/PA02/a.out
--5337-- Reading syms from /usr/lib64/valgrind/memcheck-amd64-linux
--5337--    object doesn't have a dynamic symbol table
--5337-- Reading syms from /lib64/ld-2.12.so
--5337-- Scheduler: using generic scheduler lock implementation.
--5337-- Reading suppressions file: /usr/lib64/valgrind/default.supp
==5337== embedded gdbserver: reading from /tmp/vgdb-pipe-from-vgdb-to-5337-by-cheng109-on-hansen-fe01.rcac.purdue.edu
==5337== embedded gdbserver: writing to   /tmp/vgdb-pipe-to-vgdb-from-5337-by-cheng109-on-hansen-fe01.rcac.purdue.edu
==5337== embedded gdbserver: shared mem   /tmp/vgdb-pipe-shared-mem-vgdb-5337-by-cheng109-on-hansen-fe01.rcac.purdue.edu
==5337== 
==5337== TO CONTROL THIS PROCESS USING vgdb (which you probably
==5337== don't want to do, unless you know exactly what you're doing,
==5337== or are doing some strange experiment):
==5337==   /usr/lib64/valgrind/../../bin/vgdb --pid=5337 ...command...
==5337== 
==5337== TO DEBUG THIS PROCESS USING GDB: start GDB like this
==5337==   /path/to/gdb ./a.out
==5337== and then give GDB the following command
==5337==   target remote | /usr/lib64/valgrind/../../bin/vgdb --pid=5337
==5337== --pid is optional if only one valgrind process is running
==5337== 
--5337-- REDIR: 0x3f3a417530 (strlen) redirected to 0x38049551 (vgPlain_amd64_linux_REDIR_FOR_strlen)
--5337-- Reading syms from /usr/lib64/valgrind/vgpreload_core-amd64-linux.so
--5337-- Reading syms from /usr/lib64/valgrind/vgpreload_memcheck-amd64-linux.so
--5337-- REDIR: 0x3f3a4173a0 (index) redirected to 0x4a07bf0 (index)
--5337-- REDIR: 0x3f3a417420 (strcmp) redirected to 0x4a08530 (strcmp)
--5337-- Reading syms from /lib64/libc-2.12.so
--5337-- REDIR: 0x3f3a884fc0 (strcasecmp) redirected to 0x480155c (_vgnU_ifunc_wrapper)
--5337-- REDIR: 0x3f3a887280 (strncasecmp) redirected to 0x480155c (_vgnU_ifunc_wrapper)
--5337-- REDIR: 0x3f3a882f30 (__GI_strrchr) redirected to 0x4a07a70 (__GI_strrchr)
--5337-- REDIR: 0x3f3a87a570 (calloc) redirected to 0x4a056d7 (calloc)
--5337-- REDIR: 0x3f3a881410 (strlen) redirected to 0x480155c (_vgnU_ifunc_wrapper)
--5337-- REDIR: 0x3f3a881450 (__GI_strlen) redirected to 0x4a07f70 (__GI_strlen)
--5337-- REDIR: 0x3f3a880e60 (strcpy) redirected to 0x480155c (_vgnU_ifunc_wrapper)
--5337-- REDIR: 0x3f3a880e90 (__GI_strcpy) redirected to 0x4a08060 (__GI_strcpy)
--5337-- REDIR: 0x3f3a87b810 (free) redirected to 0x4a06369 (free)
--5337-- REDIR: 0x3f3a87f760 (strcat) redirected to 0x4a07c20 (strcat)
--5337-- REDIR: 0x3f3a87f920 (index) redirected to 0x480155c (_vgnU_ifunc_wrapper)
--5337-- REDIR: 0x3f3a87f950 (__GI_strchr) redirected to 0x4a07b30 (__GI_strchr)
--5337-- REDIR: 0x3f3a889960 (memcpy) redirected to 0x4a08b20 (memcpy)
--5337-- REDIR: 0x3f3a87f9d0 (strcmp) redirected to 0x480155c (_vgnU_ifunc_wrapper)
--5337-- REDIR: 0x3f3a87fa10 (__GI_strcmp) redirected to 0x4a084e0 (__GI_strcmp)
--5337-- REDIR: 0x3f3a88ade0 (strchrnul) redirected to 0x4a09f10 (strchrnul)
--5337-- REDIR: 0x3f3a8847f0 (mempcpy) redirected to 0x4a09f80 (mempcpy)
--5337-- REDIR: 0x3f3a87a930 (malloc) redirected to 0x4a0696c (malloc)
==5337== 
==5337== HEAP SUMMARY:
==5337==     in use at exit: 0 bytes in 0 blocks
==5337==   total heap usage: 56 allocs, 56 frees, 981 bytes allocated
==5337== 
==5337== All heap blocks were freed -- no leaks are possible
==5337== 
==5337== ERROR SUMMARY: 0 errors from 0 contexts (suppressed: 6 from 6)
--5337-- 
--5337-- used_suppression:      4 U1004-ARM-_dl_relocate_object
--5337-- used_suppression:      2 glibc-2.5.x-on-SUSE-10.2-(PPC)-2a
==5337== 
==5337== ERROR SUMMARY: 0 errors from 0 contexts (suppressed: 6 from 6)
