==32624== Memcheck, a memory error detector
==32624== Copyright (C) 2002-2012, and GNU GPL'd, by Julian Seward et al.
==32624== Using Valgrind-3.8.1 and LibVEX; rerun with -h for copyright info
==32624== Command: ./pa02.out
==32624== Parent PID: 32615
==32624== 
--32624-- 
--32624-- Valgrind options:
--32624--    --tool=memcheck
--32624--    --leak-check=full
--32624--    --verbose
--32624--    --log-file=memcheck.log
--32624--    --track-origins=yes
--32624-- Contents of /proc/version:
--32624--   Linux version 2.6.32-431.11.2.el6.x86_64 (mockbuild@x86-027.build.eng.bos.redhat.com) (gcc version 4.4.7 20120313 (Red Hat 4.4.7-4) (GCC) ) #1 SMP Mon Mar 3 13:32:45 EST 2014
--32624-- Arch and hwcaps: AMD64, amd64-sse3-cx16-lzcnt
--32624-- Page sizes: currently 4096, max supported 4096
--32624-- Valgrind library directory: /usr/lib64/valgrind
--32624-- Reading syms from /home/cheng109/ece264/Summer2014/PA02/pa02.out
--32624-- Reading syms from /usr/lib64/valgrind/memcheck-amd64-linux
--32624--    object doesn't have a dynamic symbol table
--32624-- Reading syms from /lib64/ld-2.12.so
--32624-- Scheduler: using generic scheduler lock implementation.
--32624-- Reading suppressions file: /usr/lib64/valgrind/default.supp
==32624== embedded gdbserver: reading from /tmp/vgdb-pipe-from-vgdb-to-32624-by-cheng109-on-hansen-fe02.rcac.purdue.edu
==32624== embedded gdbserver: writing to   /tmp/vgdb-pipe-to-vgdb-from-32624-by-cheng109-on-hansen-fe02.rcac.purdue.edu
==32624== embedded gdbserver: shared mem   /tmp/vgdb-pipe-shared-mem-vgdb-32624-by-cheng109-on-hansen-fe02.rcac.purdue.edu
==32624== 
==32624== TO CONTROL THIS PROCESS USING vgdb (which you probably
==32624== don't want to do, unless you know exactly what you're doing,
==32624== or are doing some strange experiment):
==32624==   /usr/lib64/valgrind/../../bin/vgdb --pid=32624 ...command...
==32624== 
==32624== TO DEBUG THIS PROCESS USING GDB: start GDB like this
==32624==   /path/to/gdb ./pa02.out
==32624== and then give GDB the following command
==32624==   target remote | /usr/lib64/valgrind/../../bin/vgdb --pid=32624
==32624== --pid is optional if only one valgrind process is running
==32624== 
--32624-- REDIR: 0x3443017530 (strlen) redirected to 0x38049551 (vgPlain_amd64_linux_REDIR_FOR_strlen)
--32624-- Reading syms from /usr/lib64/valgrind/vgpreload_core-amd64-linux.so
--32624-- Reading syms from /usr/lib64/valgrind/vgpreload_memcheck-amd64-linux.so
--32624-- REDIR: 0x34430173a0 (index) redirected to 0x4a07bf0 (index)
--32624-- REDIR: 0x3443017420 (strcmp) redirected to 0x4a08530 (strcmp)
--32624-- Reading syms from /lib64/libc-2.12.so
--32624-- REDIR: 0x3443484fc0 (strcasecmp) redirected to 0x480155c (_vgnU_ifunc_wrapper)
--32624-- REDIR: 0x3443487280 (strncasecmp) redirected to 0x480155c (_vgnU_ifunc_wrapper)
--32624-- REDIR: 0x3443482f30 (__GI_strrchr) redirected to 0x4a07a70 (__GI_strrchr)
--32624-- REDIR: 0x3443481410 (strlen) redirected to 0x480155c (_vgnU_ifunc_wrapper)
--32624-- REDIR: 0x3443481450 (__GI_strlen) redirected to 0x4a07f70 (__GI_strlen)
--32624-- REDIR: 0x344347a570 (calloc) redirected to 0x4a056d7 (calloc)
--32624-- REDIR: 0x3443480e60 (strcpy) redirected to 0x480155c (_vgnU_ifunc_wrapper)
--32624-- REDIR: 0x3443480e90 (__GI_strcpy) redirected to 0x4a08060 (__GI_strcpy)
--32624-- REDIR: 0x344348ade0 (strchrnul) redirected to 0x4a09f10 (strchrnul)
--32624-- REDIR: 0x34434847f0 (mempcpy) redirected to 0x4a09f80 (mempcpy)
--32624-- REDIR: 0x344347b810 (free) redirected to 0x4a06369 (free)
--32624-- REDIR: 0x344347f920 (index) redirected to 0x480155c (_vgnU_ifunc_wrapper)
--32624-- REDIR: 0x344347f950 (__GI_strchr) redirected to 0x4a07b30 (__GI_strchr)
--32624-- REDIR: 0x3443489960 (memcpy) redirected to 0x4a08b20 (memcpy)
--32624-- REDIR: 0x344347f760 (strcat) redirected to 0x4a07c20 (strcat)
--32624-- REDIR: 0x344347f9d0 (strcmp) redirected to 0x480155c (_vgnU_ifunc_wrapper)
--32624-- REDIR: 0x344347fa10 (__GI_strcmp) redirected to 0x4a084e0 (__GI_strcmp)
--32624-- REDIR: 0x344347a930 (malloc) redirected to 0x4a0696c (malloc)
==32624== 
==32624== HEAP SUMMARY:
==32624==     in use at exit: 0 bytes in 0 blocks
==32624==   total heap usage: 53 allocs, 53 frees, 1,598 bytes allocated
==32624== 
==32624== All heap blocks were freed -- no leaks are possible
==32624== 
==32624== ERROR SUMMARY: 0 errors from 0 contexts (suppressed: 6 from 6)
--32624-- 
--32624-- used_suppression:      4 U1004-ARM-_dl_relocate_object
--32624-- used_suppression:      2 glibc-2.5.x-on-SUSE-10.2-(PPC)-2a
==32624== 
==32624== ERROR SUMMARY: 0 errors from 0 contexts (suppressed: 6 from 6)
