==61143== Memcheck, a memory error detector
==61143== Copyright (C) 2002-2013, and GNU GPL'd, by Julian Seward et al.
==61143== Using Valgrind-3.10.0.SVN and LibVEX; rerun with -h for copyright info
==61143== Command: ./a.out
==61143== Parent PID: 61114
==61143== 
==61143== WARNING: Support on MacOS 10.8/10.9 is experimental and mostly broken.
==61143== WARNING: Expect incorrect results, assertions and crashes.
==61143== WARNING: In particular, Memcheck on 32-bit programs will fail to
==61143== WARNING: detect any errors associated with heap-allocated data.
==61143== 
--61143-- 
--61143-- Valgrind options:
--61143--    --tool=memcheck
--61143--    --leak-check=full
--61143--    --verbose
--61143--    --log-file=memcheck.log
--61143--    --track-origins=yes
--61143-- Contents of /proc/version:
--61143--   can't open /proc/version
--61143-- Arch and hwcaps: AMD64, amd64-cx16-rdtscp-sse3
--61143-- Page sizes: currently 4096, max supported 4096
--61143-- Valgrind library directory: /usr/local/lib/valgrind
--61143-- /usr/lib/dyld (rx at 0x7fff5fc00000, rw at 0x7fff5fc34000)
--61143--    reading syms   from primary file (6 1183)
--61143-- Scheduler: using generic scheduler lock implementation.
--61143-- Reading suppressions file: /usr/local/lib/valgrind/default.supp
==61143== embedded gdbserver: reading from /var/folders/fx/vlf57n957mz8bmg2y6dr4yxr0000h1/T//vgdb-pipe-from-vgdb-to-61143-by-cheng109-on-???
==61143== embedded gdbserver: writing to   /var/folders/fx/vlf57n957mz8bmg2y6dr4yxr0000h1/T//vgdb-pipe-to-vgdb-from-61143-by-cheng109-on-???
==61143== embedded gdbserver: shared mem   /var/folders/fx/vlf57n957mz8bmg2y6dr4yxr0000h1/T//vgdb-pipe-shared-mem-vgdb-61143-by-cheng109-on-???
==61143== 
==61143== TO CONTROL THIS PROCESS USING vgdb (which you probably
==61143== don't want to do, unless you know exactly what you're doing,
==61143== or are doing some strange experiment):
==61143==   /usr/local/lib/valgrind/../../bin/vgdb --pid=61143 ...command...
==61143== 
==61143== TO DEBUG THIS PROCESS USING GDB: start GDB like this
==61143==   /path/to/gdb ./a.out
==61143== and then give GDB the following command
==61143==   target remote | /usr/local/lib/valgrind/../../bin/vgdb --pid=61143
==61143== --pid is optional if only one valgrind process is running
==61143== 
--61143-- REDIR: 0x7fff5fc1b798 (arc4random) redirected to 0x2380658de (???)
--61143-- REDIR: 0x7fff5fc21560 (strcmp) redirected to 0x238065840 (???)
--61143-- REDIR: 0x7fff5fc1b560 (strlen) redirected to 0x23806580f (???)
--61143-- REDIR: 0x7fff5fc1b4c0 (strcpy) redirected to 0x23806585c (???)
--61143-- REDIR: 0x7fff5fc1ec4f (strcat) redirected to 0x238065820 (???)
--61143-- /usr/local/lib/valgrind/vgpreload_core-amd64-darwin.so (rx at 0x1000, rw at 0x2000)
--61143--    reading syms   from primary file (3 31)
--61143--    dSYM= /usr/local/lib/valgrind/vgpreload_core-amd64-darwin.so.dSYM/Contents/Resources/DWARF/vgpreload_core-amd64-darwin.so
--61143--    reading dwarf3 from dsyms file
--61143-- /usr/local/lib/valgrind/vgpreload_memcheck-amd64-darwin.so (rx at 0x4000, rw at 0x9000)
--61143--    reading syms   from primary file (47 245)
--61143--    dSYM= /usr/local/lib/valgrind/vgpreload_memcheck-amd64-darwin.so.dSYM/Contents/Resources/DWARF/vgpreload_memcheck-amd64-darwin.so
--61143--    reading dwarf3 from dsyms file
--61143-- /usr/lib/libSystem.B.dylib (rx at 0xd000, rw at 0xf000)
--61143--    reading syms   from primary file (31 4)
--61143-- /usr/lib/system/libcache.dylib (rx at 0x15000, rw at 0x1a000)
--61143--    reading syms   from primary file (29 24)
--61143-- /usr/lib/system/libcommonCrypto.dylib (rx at 0x1e000, rw at 0x29000)
--61143--    reading syms   from primary file (203 183)
--61143-- /usr/lib/system/libcompiler_rt.dylib (rx at 0x36000, rw at 0x3e000)
--61143--    reading syms   from primary file (454 8)
--61143-- /usr/lib/system/libcopyfile.dylib (rx at 0x49000, rw at 0x51000)
--61143--    reading syms   from primary file (11 28)
--61143-- /usr/lib/system/libcorecrypto.dylib (rx at 0x57000, rw at 0xa6000)
--61143--    reading syms   from primary file (341 430)
--61143-- /usr/lib/system/libdispatch.dylib (rx at 0xb6000, rw at 0xd1000)
--61143--    reading syms   from primary file (176 737)
--61143-- /usr/lib/system/libdyld.dylib (rx at 0xea000, rw at 0xee000)
--61143--    reading syms   from primary file (78 96)
--61143-- /usr/lib/system/libkeymgr.dylib (rx at 0xf4000, rw at 0xf5000)
--61143--    reading syms   from primary file (12 4)
--61143-- /usr/lib/system/liblaunch.dylib (rx at 0xf9000, rw at 0x101000)
--61143--    reading syms   from primary file (112 1)
--61143-- /usr/lib/system/libmacho.dylib (rx at 0x108000, rw at 0x10e000)
--61143--    reading syms   from primary file (86 1)
--61143-- /usr/lib/system/libquarantine.dylib (rx at 0x113000, rw at 0x116000)
--61143--    reading syms   from primary file (66 32)
--61143-- /usr/lib/system/libremovefile.dylib (rx at 0x11b000, rw at 0x11d000)
--61143--    reading syms   from primary file (15 4)
--61143-- /usr/lib/system/libsystem_asl.dylib (rx at 0x122000, rw at 0x134000)
--61143--    reading syms   from primary file (127 106)
--61143-- /usr/lib/system/libsystem_blocks.dylib (rx at 0x13d000, rw at 0x13f000)
--61143--    reading syms   from primary file (25 23)
--61143-- /usr/lib/system/libsystem_c.dylib (rx at 0x143000, rw at 0x1cd000)
--61143--    reading syms   from primary file (1288 784)
--61143-- /usr/lib/system/libsystem_configuration.dylib (rx at 0x1f8000, rw at 0x1fb000)
--61143--    reading syms   from primary file (27 58)
--61143-- /usr/lib/system/libsystem_dnssd.dylib (rx at 0x200000, rw at 0x209000)
--61143--    reading syms   from primary file (68 34)
--61143-- /usr/lib/system/libsystem_info.dylib (rx at 0x20f000, rw at 0x237000)
--61143--    reading syms   from primary file (526 526)
--61143-- /usr/lib/system/libsystem_kernel.dylib (rx at 0x24c000, rw at 0x269000)
--61143--    reading syms   from primary file (931 2486)
--61143-- /usr/lib/system/libsystem_m.dylib (rx at 0x28c000, rw at 0x2bc000)
--61143--    reading syms   from primary file (573 1)
--61143-- /usr/lib/system/libsystem_malloc.dylib (rx at 0x2c6000, rw at 0x2e2000)
--61143--    reading syms   from primary file (102 199)
--61143-- /usr/lib/system/libsystem_network.dylib (rx at 0x2eb000, rw at 0x313000)
--61143--    reading syms   from primary file (168 1053)
--61143-- /usr/lib/system/libsystem_notify.dylib (rx at 0x32e000, rw at 0x338000)
--61143--    reading syms   from primary file (137 48)
--61143-- /usr/lib/system/libsystem_platform.dylib (rx at 0x340000, rw at 0x347000)
--61143--    reading syms   from primary file (114 1463)
--61143-- /usr/lib/system/libsystem_pthread.dylib (rx at 0x359000, rw at 0x361000)
--61143--    reading syms   from primary file (137 54)
--61143-- /usr/lib/system/libsystem_sandbox.dylib (rx at 0x36c000, rw at 0x36e000)
--61143--    reading syms   from primary file (61 8)
--61143-- /usr/lib/system/libsystem_stats.dylib (rx at 0x372000, rw at 0x377000)
--61143--    reading syms   from primary file (20 44)
--61143-- /usr/lib/system/libunc.dylib (rx at 0x37d000, rw at 0x37f000)
--61143--    reading syms   from primary file (31 4)
--61143-- /usr/lib/system/libunwind.dylib (rx at 0x384000, rw at 0x38a000)
--61143--    reading syms   from primary file (102 52)
--61143-- /usr/lib/system/libxpc.dylib (rx at 0x390000, rw at 0x3b5000)
--61143--    reading syms   from primary file (349 818)
--61143-- /usr/lib/libobjc.A.dylib (rx at 0x3d1000, rw at 0x57f000)
--61143--    reading syms   from primary file (342 735)
--61143-- /usr/lib/libauto.dylib (rx at 0x59f000, rw at 0x5e2000)
--61143--    reading syms   from primary file (68 742)
--61143-- /usr/lib/libc++abi.dylib (rx at 0x5f9000, rw at 0x623000)
--61143--    reading syms   from primary file (331 182)
--61143-- /usr/lib/libc++.1.dylib (rx at 0x630000, rw at 0x683000)
--61143--    reading syms   from primary file (2070 1507)
--61143-- /usr/lib/libDiagnosticMessagesClient.dylib (rx at 0x6de000, rw at 0x6e0000)
--61143--    reading syms   from primary file (21 14)
--61143-- REDIR: 0x2d7252 (malloc) redirected to 0x4f90 (malloc)
--61143-- REDIR: 0x2d5c2f (malloc_default_zone) redirected to 0x6f70 (malloc_default_zone)
--61143-- REDIR: 0x2d6821 (malloc_zone_malloc) redirected to 0x5300 (malloc_zone_malloc)
--61143-- REDIR: 0x2d6ee4 (free) redirected to 0x5540 (free)
--61143-- REDIR: 0x2d6b12 (malloc_zone_calloc) redirected to 0x5be0 (malloc_zone_calloc)
--61143-- REDIR: 0x2d6cee (malloc_zone_from_ptr) redirected to 0x6f90 (malloc_zone_from_ptr)
==61143== Conditional jump or move depends on uninitialised value(s)
==61143==    at 0x391BFB: _libxpc_initializer (in /usr/lib/system/libxpc.dylib)
==61143==    by 0xEAA7: libSystem_initializer (in /usr/lib/libSystem.B.dylib)
==61143==    by 0x7FFF5FC11C2D: ImageLoaderMachO::doModInitFunctions(ImageLoader::LinkContext const&) (in /usr/lib/dyld)
==61143==    by 0x7FFF5FC11DB9: ImageLoaderMachO::doInitialization(ImageLoader::LinkContext const&) (in /usr/lib/dyld)
==61143==    by 0x7FFF5FC0EA61: ImageLoader::recursiveInitialization(ImageLoader::LinkContext const&, unsigned int, ImageLoader::InitializerTimingList&) (in /usr/lib/dyld)
==61143==    by 0x7FFF5FC0E9EA: ImageLoader::recursiveInitialization(ImageLoader::LinkContext const&, unsigned int, ImageLoader::InitializerTimingList&) (in /usr/lib/dyld)
==61143==    by 0x7FFF5FC0E8F5: ImageLoader::runInitializers(ImageLoader::LinkContext const&, ImageLoader::InitializerTimingList&) (in /usr/lib/dyld)
==61143==    by 0x7FFF5FC021B6: dyld::initializeMainExecutable() (in /usr/lib/dyld)
==61143==    by 0x7FFF5FC0555F: dyld::_main(macho_header const*, unsigned long, int, char const**, char const**, char const**, unsigned long*) (in /usr/lib/dyld)
==61143==    by 0x7FFF5FC0127A: dyldbootstrap::start(macho_header const*, int, char const**, long, macho_header const*, unsigned long*) (in /usr/lib/dyld)
==61143==    by 0x7FFF5FC0105D: _dyld_start (in /usr/lib/dyld)
==61143==  Uninitialised value was created by a stack allocation
==61143==    at 0x3AC472: ___xpc_activity_init_block_invoke_2 (in /usr/lib/system/libxpc.dylib)
==61143== 
--61143-- REDIR: 0x2d7299 (calloc) redirected to 0x5920 (calloc)
==61143== 
==61143== HEAP SUMMARY:
==61143==     in use at exit: 25,399 bytes in 373 blocks
==61143==   total heap usage: 449 allocs, 76 frees, 31,343 bytes allocated
==61143== 
==61143== Searching for pointers to 373 not-freed blocks
==61143== Checked 67,843,728 bytes
==61143== 
==61143== LEAK SUMMARY:
==61143==    definitely lost: 0 bytes in 0 blocks
==61143==    indirectly lost: 0 bytes in 0 blocks
==61143==      possibly lost: 0 bytes in 0 blocks
==61143==    still reachable: 0 bytes in 0 blocks
==61143==         suppressed: 25,399 bytes in 373 blocks
==61143== 
==61143== ERROR SUMMARY: 1 errors from 1 contexts (suppressed: 130 from 34)
==61143== 
==61143== 1 errors in context 1 of 1:
==61143== Conditional jump or move depends on uninitialised value(s)
==61143==    at 0x391BFB: _libxpc_initializer (in /usr/lib/system/libxpc.dylib)
==61143==    by 0xEAA7: libSystem_initializer (in /usr/lib/libSystem.B.dylib)
==61143==    by 0x7FFF5FC11C2D: ImageLoaderMachO::doModInitFunctions(ImageLoader::LinkContext const&) (in /usr/lib/dyld)
==61143==    by 0x7FFF5FC11DB9: ImageLoaderMachO::doInitialization(ImageLoader::LinkContext const&) (in /usr/lib/dyld)
==61143==    by 0x7FFF5FC0EA61: ImageLoader::recursiveInitialization(ImageLoader::LinkContext const&, unsigned int, ImageLoader::InitializerTimingList&) (in /usr/lib/dyld)
==61143==    by 0x7FFF5FC0E9EA: ImageLoader::recursiveInitialization(ImageLoader::LinkContext const&, unsigned int, ImageLoader::InitializerTimingList&) (in /usr/lib/dyld)
==61143==    by 0x7FFF5FC0E8F5: ImageLoader::runInitializers(ImageLoader::LinkContext const&, ImageLoader::InitializerTimingList&) (in /usr/lib/dyld)
==61143==    by 0x7FFF5FC021B6: dyld::initializeMainExecutable() (in /usr/lib/dyld)
==61143==    by 0x7FFF5FC0555F: dyld::_main(macho_header const*, unsigned long, int, char const**, char const**, char const**, unsigned long*) (in /usr/lib/dyld)
==61143==    by 0x7FFF5FC0127A: dyldbootstrap::start(macho_header const*, int, char const**, long, macho_header const*, unsigned long*) (in /usr/lib/dyld)
==61143==    by 0x7FFF5FC0105D: _dyld_start (in /usr/lib/dyld)
==61143==  Uninitialised value was created by a stack allocation
==61143==    at 0x3AC472: ___xpc_activity_init_block_invoke_2 (in /usr/lib/system/libxpc.dylib)
==61143== 
--61143-- 
--61143-- used_suppression:     34 <insert_a_suppression_name_here> /usr/local/lib/valgrind/default.supp:791 suppressed: 13,656 bytes in 252 blocks
--61143-- used_suppression:      1 <insert_a_suppression_name_here> /usr/local/lib/valgrind/default.supp:741 suppressed: 2,064 bytes in 1 blocks
--61143-- used_suppression:     13 <insert_a_suppression_name_here> /usr/local/lib/valgrind/default.supp:802 suppressed: 6,981 bytes in 70 blocks
--61143-- used_suppression:     11 <insert_a_suppression_name_here> /usr/local/lib/valgrind/default.supp:833 suppressed: 1,929 bytes in 29 blocks
--61143-- used_suppression:     11 <insert_a_suppression_name_here> /usr/local/lib/valgrind/default.supp:823 suppressed: 625 bytes in 16 blocks
--61143-- used_suppression:      5 <insert_a_suppression_name_here> /usr/local/lib/valgrind/default.supp:781 suppressed: 144 bytes in 5 blocks
--61143-- used_suppression:      6 <insert_a_suppression_name_here> /usr/local/lib/valgrind/default.supp:900
--61143-- used_suppression:    110 <insert_a_suppression_name_here> /usr/local/lib/valgrind/default.supp:893
==61143== 
==61143== ERROR SUMMARY: 1 errors from 1 contexts (suppressed: 130 from 34)
